2011/12/11 15:35:40 [error] [exception.CHttpException.404] exception 'CHttpException' with message 'Unable to resolve the request "ico</div></td><td class=".' in /home/artiom/htdocs/kma_monitoring_system/protected/yii/framework/web/CWebApplication.php:313
Stack trace:
#0 /home/artiom/htdocs/kma_monitoring_system/protected/yii/framework/web/CWebApplication.php(121): CWebApplication->runController('ico</div></td><...')
#1 /home/artiom/htdocs/kma_monitoring_system/protected/yii/framework/base/CApplication.php(155): CWebApplication->processRequest()
#2 /home/artiom/htdocs/kma_monitoring_system/index.php(13): CApplication->run()
#3 {main} REQUEST_URI=/ico%3C/div%3E%3C/td%3E%3Ctd%20class=
2011/12/11 15:36:43 [error] [exception.CHttpException.404] exception 'CHttpException' with message 'Unable to resolve the request "ico</div></td><td class=".' in /home/artiom/htdocs/kma_monitoring_system/protected/yii/framework/web/CWebApplication.php:313
Stack trace:
#0 /home/artiom/htdocs/kma_monitoring_system/protected/yii/framework/web/CWebApplication.php(121): CWebApplication->runController('ico</div></td><...')
#1 /home/artiom/htdocs/kma_monitoring_system/protected/yii/framework/base/CApplication.php(155): CWebApplication->processRequest()
#2 /home/artiom/htdocs/kma_monitoring_system/index.php(13): CApplication->run()
#3 {main} REQUEST_URI=/ico%3C/div%3E%3C/td%3E%3Ctd%20class=
2011/12/11 15:38:23 [error] [exception.CHttpException.404] exception 'CHttpException' with message 'Unable to resolve the request "ico</div></td><td class=".' in /home/artiom/htdocs/kma_monitoring_system/protected/yii/framework/web/CWebApplication.php:313
Stack trace:
#0 /home/artiom/htdocs/kma_monitoring_system/protected/yii/framework/web/CWebApplication.php(121): CWebApplication->runController('ico</div></td><...')
#1 /home/artiom/htdocs/kma_monitoring_system/protected/yii/framework/base/CApplication.php(155): CWebApplication->processRequest()
#2 /home/artiom/htdocs/kma_monitoring_system/index.php(13): CApplication->run()
#3 {main} REQUEST_URI=/ico%3C/div%3E%3C/td%3E%3Ctd%20class=
2011/12/11 15:38:26 [error] [exception.CHttpException.404] exception 'CHttpException' with message 'Unable to resolve the request "ico</div></td><td class=".' in /home/artiom/htdocs/kma_monitoring_system/protected/yii/framework/web/CWebApplication.php:313
Stack trace:
#0 /home/artiom/htdocs/kma_monitoring_system/protected/yii/framework/web/CWebApplication.php(121): CWebApplication->runController('ico</div></td><...')
#1 /home/artiom/htdocs/kma_monitoring_system/protected/yii/framework/base/CApplication.php(155): CWebApplication->processRequest()
#2 /home/artiom/htdocs/kma_monitoring_system/index.php(13): CApplication->run()
#3 {main} REQUEST_URI=/ico%3C/div%3E%3C/td%3E%3Ctd%20class=
2011/12/11 15:38:37 [error] [exception.CHttpException.404] exception 'CHttpException' with message 'Unable to resolve the request "ico</div></td><td class=".' in /home/artiom/htdocs/kma_monitoring_system/protected/yii/framework/web/CWebApplication.php:313
Stack trace:
#0 /home/artiom/htdocs/kma_monitoring_system/protected/yii/framework/web/CWebApplication.php(121): CWebApplication->runController('ico</div></td><...')
#1 /home/artiom/htdocs/kma_monitoring_system/protected/yii/framework/base/CApplication.php(155): CWebApplication->processRequest()
#2 /home/artiom/htdocs/kma_monitoring_system/index.php(13): CApplication->run()
#3 {main} REQUEST_URI=/ico%3C/div%3E%3C/td%3E%3Ctd%20class=
2011/12/11 15:39:26 [error] [exception.CHttpException.404] exception 'CHttpException' with message 'Unable to resolve the request "ico</div></td><td class=".' in /home/artiom/htdocs/kma_monitoring_system/protected/yii/framework/web/CWebApplication.php:313
Stack trace:
#0 /home/artiom/htdocs/kma_monitoring_system/protected/yii/framework/web/CWebApplication.php(121): CWebApplication->runController('ico</div></td><...')
#1 /home/artiom/htdocs/kma_monitoring_system/protected/yii/framework/base/CApplication.php(155): CWebApplication->processRequest()
#2 /home/artiom/htdocs/kma_monitoring_system/index.php(13): CApplication->run()
#3 {main} REQUEST_URI=/ico%3C/div%3E%3C/td%3E%3Ctd%20class=
2011/12/11 15:39:32 [error] [exception.CHttpException.404] exception 'CHttpException' with message 'Unable to resolve the request "ico</div></td><td class=".' in /home/artiom/htdocs/kma_monitoring_system/protected/yii/framework/web/CWebApplication.php:313
Stack trace:
#0 /home/artiom/htdocs/kma_monitoring_system/protected/yii/framework/web/CWebApplication.php(121): CWebApplication->runController('ico</div></td><...')
#1 /home/artiom/htdocs/kma_monitoring_system/protected/yii/framework/base/CApplication.php(155): CWebApplication->processRequest()
#2 /home/artiom/htdocs/kma_monitoring_system/index.php(13): CApplication->run()
#3 {main} REQUEST_URI=/ico%3C/div%3E%3C/td%3E%3Ctd%20class=
2011/12/11 15:39:32 [error] [exception.CHttpException.404] exception 'CHttpException' with message 'Unable to resolve the request "ico</div></td><td class=".' in /home/artiom/htdocs/kma_monitoring_system/protected/yii/framework/web/CWebApplication.php:313
Stack trace:
#0 /home/artiom/htdocs/kma_monitoring_system/protected/yii/framework/web/CWebApplication.php(121): CWebApplication->runController('ico</div></td><...')
#1 /home/artiom/htdocs/kma_monitoring_system/protected/yii/framework/base/CApplication.php(155): CWebApplication->processRequest()
#2 /home/artiom/htdocs/kma_monitoring_system/index.php(13): CApplication->run()
#3 {main} REQUEST_URI=/ico%3C/div%3E%3C/td%3E%3Ctd%20class=
2011/12/11 15:42:20 [error] [exception.CHttpException.404] exception 'CHttpException' with message 'Unable to resolve the request "ico</div></td><td class=".' in /home/artiom/htdocs/kma_monitoring_system/protected/yii/framework/web/CWebApplication.php:313
Stack trace:
#0 /home/artiom/htdocs/kma_monitoring_system/protected/yii/framework/web/CWebApplication.php(121): CWebApplication->runController('ico</div></td><...')
#1 /home/artiom/htdocs/kma_monitoring_system/protected/yii/framework/base/CApplication.php(155): CWebApplication->processRequest()
#2 /home/artiom/htdocs/kma_monitoring_system/index.php(13): CApplication->run()
#3 {main} REQUEST_URI=/ico%3C/div%3E%3C/td%3E%3Ctd%20class=
2011/12/11 15:42:31 [error] [exception.CHttpException.404] exception 'CHttpException' with message 'Unable to resolve the request "ico</div></td><td class=".' in /home/artiom/htdocs/kma_monitoring_system/protected/yii/framework/web/CWebApplication.php:313
Stack trace:
#0 /home/artiom/htdocs/kma_monitoring_system/protected/yii/framework/web/CWebApplication.php(121): CWebApplication->runController('ico</div></td><...')
#1 /home/artiom/htdocs/kma_monitoring_system/protected/yii/framework/base/CApplication.php(155): CWebApplication->processRequest()
#2 /home/artiom/htdocs/kma_monitoring_system/index.php(13): CApplication->run()
#3 {main} REQUEST_URI=/ico%3C/div%3E%3C/td%3E%3Ctd%20class=
2011/12/11 15:42:36 [error] [exception.CHttpException.404] exception 'CHttpException' with message 'Unable to resolve the request "ico</div></td><td class=".' in /home/artiom/htdocs/kma_monitoring_system/protected/yii/framework/web/CWebApplication.php:313
Stack trace:
#0 /home/artiom/htdocs/kma_monitoring_system/protected/yii/framework/web/CWebApplication.php(121): CWebApplication->runController('ico</div></td><...')
#1 /home/artiom/htdocs/kma_monitoring_system/protected/yii/framework/base/CApplication.php(155): CWebApplication->processRequest()
#2 /home/artiom/htdocs/kma_monitoring_system/index.php(13): CApplication->run()
#3 {main} REQUEST_URI=/ico%3C/div%3E%3C/td%3E%3Ctd%20class=
2011/12/11 16:01:24 [error] [exception.CHttpException.404] exception 'CHttpException' with message 'Unable to resolve the request "ico</div></td><td class=".' in /home/artiom/htdocs/kma_monitoring_system/protected/yii/framework/web/CWebApplication.php:313
Stack trace:
#0 /home/artiom/htdocs/kma_monitoring_system/protected/yii/framework/web/CWebApplication.php(121): CWebApplication->runController('ico</div></td><...')
#1 /home/artiom/htdocs/kma_monitoring_system/protected/yii/framework/base/CApplication.php(155): CWebApplication->processRequest()
#2 /home/artiom/htdocs/kma_monitoring_system/index.php(13): CApplication->run()
#3 {main} REQUEST_URI=/ico%3C/div%3E%3C/td%3E%3Ctd%20class=
2011/12/11 16:01:25 [error] [exception.CHttpException.404] exception 'CHttpException' with message 'Unable to resolve the request "ico</div></td><td class=".' in /home/artiom/htdocs/kma_monitoring_system/protected/yii/framework/web/CWebApplication.php:313
Stack trace:
#0 /home/artiom/htdocs/kma_monitoring_system/protected/yii/framework/web/CWebApplication.php(121): CWebApplication->runController('ico</div></td><...')
#1 /home/artiom/htdocs/kma_monitoring_system/protected/yii/framework/base/CApplication.php(155): CWebApplication->processRequest()
#2 /home/artiom/htdocs/kma_monitoring_system/index.php(13): CApplication->run()
#3 {main} REQUEST_URI=/ico%3C/div%3E%3C/td%3E%3Ctd%20class=
2011/12/11 16:01:43 [error] [exception.CHttpException.404] exception 'CHttpException' with message 'Unable to resolve the request "ico</div></td><td class=".' in /home/artiom/htdocs/kma_monitoring_system/protected/yii/framework/web/CWebApplication.php:313
Stack trace:
#0 /home/artiom/htdocs/kma_monitoring_system/protected/yii/framework/web/CWebApplication.php(121): CWebApplication->runController('ico</div></td><...')
#1 /home/artiom/htdocs/kma_monitoring_system/protected/yii/framework/base/CApplication.php(155): CWebApplication->processRequest()
#2 /home/artiom/htdocs/kma_monitoring_system/index.php(13): CApplication->run()
#3 {main} REQUEST_URI=/ico%3C/div%3E%3C/td%3E%3Ctd%20class=
2011/12/11 16:03:41 [error] [exception.CHttpException.404] exception 'CHttpException' with message 'Unable to resolve the request "ico</div></td><td class=".' in /home/artiom/htdocs/kma_monitoring_system/protected/yii/framework/web/CWebApplication.php:313
Stack trace:
#0 /home/artiom/htdocs/kma_monitoring_system/protected/yii/framework/web/CWebApplication.php(121): CWebApplication->runController('ico</div></td><...')
#1 /home/artiom/htdocs/kma_monitoring_system/protected/yii/framework/base/CApplication.php(155): CWebApplication->processRequest()
#2 /home/artiom/htdocs/kma_monitoring_system/index.php(13): CApplication->run()
#3 {main} REQUEST_URI=/ico%3C/div%3E%3C/td%3E%3Ctd%20class=
2011/12/11 16:03:44 [error] [exception.CHttpException.404] exception 'CHttpException' with message 'Unable to resolve the request "ico</div></td><td class=".' in /home/artiom/htdocs/kma_monitoring_system/protected/yii/framework/web/CWebApplication.php:313
Stack trace:
#0 /home/artiom/htdocs/kma_monitoring_system/protected/yii/framework/web/CWebApplication.php(121): CWebApplication->runController('ico</div></td><...')
#1 /home/artiom/htdocs/kma_monitoring_system/protected/yii/framework/base/CApplication.php(155): CWebApplication->processRequest()
#2 /home/artiom/htdocs/kma_monitoring_system/index.php(13): CApplication->run()
#3 {main} REQUEST_URI=/ico%3C/div%3E%3C/td%3E%3Ctd%20class=
2011/12/11 16:03:47 [error] [exception.CHttpException.404] exception 'CHttpException' with message 'Unable to resolve the request "ico</div></td><td class=".' in /home/artiom/htdocs/kma_monitoring_system/protected/yii/framework/web/CWebApplication.php:313
Stack trace:
#0 /home/artiom/htdocs/kma_monitoring_system/protected/yii/framework/web/CWebApplication.php(121): CWebApplication->runController('ico</div></td><...')
#1 /home/artiom/htdocs/kma_monitoring_system/protected/yii/framework/base/CApplication.php(155): CWebApplication->processRequest()
#2 /home/artiom/htdocs/kma_monitoring_system/index.php(13): CApplication->run()
#3 {main} REQUEST_URI=/ico%3C/div%3E%3C/td%3E%3Ctd%20class=
2011/12/11 16:04:18 [error] [exception.CHttpException.404] exception 'CHttpException' with message 'Unable to resolve the request "ico</div></td><td class=".' in /home/artiom/htdocs/kma_monitoring_system/protected/yii/framework/web/CWebApplication.php:313
Stack trace:
#0 /home/artiom/htdocs/kma_monitoring_system/protected/yii/framework/web/CWebApplication.php(121): CWebApplication->runController('ico</div></td><...')
#1 /home/artiom/htdocs/kma_monitoring_system/protected/yii/framework/base/CApplication.php(155): CWebApplication->processRequest()
#2 /home/artiom/htdocs/kma_monitoring_system/index.php(13): CApplication->run()
#3 {main} REQUEST_URI=/ico%3C/div%3E%3C/td%3E%3Ctd%20class=
2011/12/11 16:04:55 [error] [exception.CHttpException.404] exception 'CHttpException' with message 'Unable to resolve the request "ico</div></td><td class=".' in /home/artiom/htdocs/kma_monitoring_system/protected/yii/framework/web/CWebApplication.php:313
Stack trace:
#0 /home/artiom/htdocs/kma_monitoring_system/protected/yii/framework/web/CWebApplication.php(121): CWebApplication->runController('ico</div></td><...')
#1 /home/artiom/htdocs/kma_monitoring_system/protected/yii/framework/base/CApplication.php(155): CWebApplication->processRequest()
#2 /home/artiom/htdocs/kma_monitoring_system/index.php(13): CApplication->run()
#3 {main} REQUEST_URI=/ico%3C/div%3E%3C/td%3E%3Ctd%20class=
2011/12/11 16:04:58 [error] [exception.CHttpException.404] exception 'CHttpException' with message 'Unable to resolve the request "ico</div></td><td class=".' in /home/artiom/htdocs/kma_monitoring_system/protected/yii/framework/web/CWebApplication.php:313
Stack trace:
#0 /home/artiom/htdocs/kma_monitoring_system/protected/yii/framework/web/CWebApplication.php(121): CWebApplication->runController('ico</div></td><...')
#1 /home/artiom/htdocs/kma_monitoring_system/protected/yii/framework/base/CApplication.php(155): CWebApplication->processRequest()
#2 /home/artiom/htdocs/kma_monitoring_system/index.php(13): CApplication->run()
#3 {main} REQUEST_URI=/ico%3C/div%3E%3C/td%3E%3Ctd%20class=
2011/12/11 16:05:13 [error] [exception.CHttpException.404] exception 'CHttpException' with message 'Unable to resolve the request "ico</div></td><td class=".' in /home/artiom/htdocs/kma_monitoring_system/protected/yii/framework/web/CWebApplication.php:313
Stack trace:
#0 /home/artiom/htdocs/kma_monitoring_system/protected/yii/framework/web/CWebApplication.php(121): CWebApplication->runController('ico</div></td><...')
#1 /home/artiom/htdocs/kma_monitoring_system/protected/yii/framework/base/CApplication.php(155): CWebApplication->processRequest()
#2 /home/artiom/htdocs/kma_monitoring_system/index.php(13): CApplication->run()
#3 {main} REQUEST_URI=/ico%3C/div%3E%3C/td%3E%3Ctd%20class=
2011/12/11 16:09:28 [error] [exception.CHttpException.404] exception 'CHttpException' with message 'Unable to resolve the request "ico</div></td><td class=".' in /home/artiom/htdocs/kma_monitoring_system/protected/yii/framework/web/CWebApplication.php:313
Stack trace:
#0 /home/artiom/htdocs/kma_monitoring_system/protected/yii/framework/web/CWebApplication.php(121): CWebApplication->runController('ico</div></td><...')
#1 /home/artiom/htdocs/kma_monitoring_system/protected/yii/framework/base/CApplication.php(155): CWebApplication->processRequest()
#2 /home/artiom/htdocs/kma_monitoring_system/index.php(13): CApplication->run()
#3 {main} REQUEST_URI=/ico%3C/div%3E%3C/td%3E%3Ctd%20class=
2011/12/11 16:10:08 [error] [exception.CHttpException.404] exception 'CHttpException' with message 'Unable to resolve the request "ico</div></td><td class=".' in /home/artiom/htdocs/kma_monitoring_system/protected/yii/framework/web/CWebApplication.php:313
Stack trace:
#0 /home/artiom/htdocs/kma_monitoring_system/protected/yii/framework/web/CWebApplication.php(121): CWebApplication->runController('ico</div></td><...')
#1 /home/artiom/htdocs/kma_monitoring_system/protected/yii/framework/base/CApplication.php(155): CWebApplication->processRequest()
#2 /home/artiom/htdocs/kma_monitoring_system/index.php(13): CApplication->run()
#3 {main} REQUEST_URI=/ico%3C/div%3E%3C/td%3E%3Ctd%20class=
2011/12/11 16:11:40 [error] [exception.CHttpException.404] exception 'CHttpException' with message 'Unable to resolve the request "ico</div></td><td class=".' in /home/artiom/htdocs/kma_monitoring_system/protected/yii/framework/web/CWebApplication.php:313
Stack trace:
#0 /home/artiom/htdocs/kma_monitoring_system/protected/yii/framework/web/CWebApplication.php(121): CWebApplication->runController('ico</div></td><...')
#1 /home/artiom/htdocs/kma_monitoring_system/protected/yii/framework/base/CApplication.php(155): CWebApplication->processRequest()
#2 /home/artiom/htdocs/kma_monitoring_system/index.php(13): CApplication->run()
#3 {main} REQUEST_URI=/ico%3C/div%3E%3C/td%3E%3Ctd%20class=
2011/12/11 16:12:19 [error] [exception.CHttpException.404] exception 'CHttpException' with message 'Unable to resolve the request "ico</div></td><td class=".' in /home/artiom/htdocs/kma_monitoring_system/protected/yii/framework/web/CWebApplication.php:313
Stack trace:
#0 /home/artiom/htdocs/kma_monitoring_system/protected/yii/framework/web/CWebApplication.php(121): CWebApplication->runController('ico</div></td><...')
#1 /home/artiom/htdocs/kma_monitoring_system/protected/yii/framework/base/CApplication.php(155): CWebApplication->processRequest()
#2 /home/artiom/htdocs/kma_monitoring_system/index.php(13): CApplication->run()
#3 {main} REQUEST_URI=/ico%3C/div%3E%3C/td%3E%3Ctd%20class=
2011/12/11 16:12:48 [error] [exception.CHttpException.404] exception 'CHttpException' with message 'Unable to resolve the request "ico</div></td><td class=".' in /home/artiom/htdocs/kma_monitoring_system/protected/yii/framework/web/CWebApplication.php:313
Stack trace:
#0 /home/artiom/htdocs/kma_monitoring_system/protected/yii/framework/web/CWebApplication.php(121): CWebApplication->runController('ico</div></td><...')
#1 /home/artiom/htdocs/kma_monitoring_system/protected/yii/framework/base/CApplication.php(155): CWebApplication->processRequest()
#2 /home/artiom/htdocs/kma_monitoring_system/index.php(13): CApplication->run()
#3 {main} REQUEST_URI=/ico%3C/div%3E%3C/td%3E%3Ctd%20class=
2011/12/11 16:28:42 [error] [exception.CHttpException.404] exception 'CHttpException' with message 'The system is unable to find the requested action "index".' in /home/artiom/htdocs/kma_monitoring_system/protected/yii/framework/web/CController.php:477
Stack trace:
#0 /home/artiom/htdocs/kma_monitoring_system/protected/yii/framework/web/CController.php(262): CController->missingAction('')
#1 /home/artiom/htdocs/kma_monitoring_system/protected/yii/framework/web/CWebApplication.php(309): CController->run('')
#2 /home/artiom/htdocs/kma_monitoring_system/protected/yii/framework/web/CWebApplication.php(121): CWebApplication->runController('sensor')
#3 /home/artiom/htdocs/kma_monitoring_system/protected/yii/framework/base/CApplication.php(155): CWebApplication->processRequest()
#4 /home/artiom/htdocs/kma_monitoring_system/index.php(13): CApplication->run()
#5 {main} REQUEST_URI=/sensor?_dc=1323613722220
2011/12/11 16:29:16 [warning] [application] Failed to set unsafe attribute "sensorId".
in /home/artiom/htdocs/kma_monitoring_system/protected/components/actions/UpdateAction.php (15)
in /home/artiom/htdocs/kma_monitoring_system/index.php (13)
2011/12/11 16:42:19 [warning] [application] Failed to set unsafe attribute "sensorId".
in /home/artiom/htdocs/kma_monitoring_system/protected/components/actions/UpdateAction.php (15)
in /home/artiom/htdocs/kma_monitoring_system/index.php (13)
2011/12/11 16:42:53 [warning] [application] Failed to set unsafe attribute "sensorId".
in /home/artiom/htdocs/kma_monitoring_system/protected/components/actions/UpdateAction.php (15)
in /home/artiom/htdocs/kma_monitoring_system/index.php (13)
2011/12/11 16:45:07 [warning] [application] Failed to set unsafe attribute "sensorId".
in /home/artiom/htdocs/kma_monitoring_system/protected/components/actions/UpdateAction.php (15)
in /home/artiom/htdocs/kma_monitoring_system/index.php (13)
2011/12/11 16:45:26 [warning] [application] Failed to set unsafe attribute "sensorId".
in /home/artiom/htdocs/kma_monitoring_system/protected/components/actions/UpdateAction.php (15)
in /home/artiom/htdocs/kma_monitoring_system/index.php (13)
2011/12/11 16:45:39 [warning] [application] Failed to set unsafe attribute "sensorId".
in /home/artiom/htdocs/kma_monitoring_system/protected/components/actions/UpdateAction.php (15)
in /home/artiom/htdocs/kma_monitoring_system/index.php (13)
2011/12/11 16:46:10 [warning] [application] Failed to set unsafe attribute "sensorId".
in /home/artiom/htdocs/kma_monitoring_system/protected/components/actions/UpdateAction.php (15)
in /home/artiom/htdocs/kma_monitoring_system/index.php (13)
2011/12/11 17:00:22 [warning] [application] Failed to set unsafe attribute "serverId".
in /home/artiom/htdocs/kma_monitoring_system/protected/components/actions/UpdateAction.php (15)
in /home/artiom/htdocs/kma_monitoring_system/index.php (13)
2011/12/11 17:00:32 [warning] [application] Failed to set unsafe attribute "sensorId".
in /home/artiom/htdocs/kma_monitoring_system/protected/components/actions/UpdateAction.php (15)
in /home/artiom/htdocs/kma_monitoring_system/index.php (13)
2011/12/11 17:00:46 [warning] [application] Failed to set unsafe attribute "sensorId".
in /home/artiom/htdocs/kma_monitoring_system/protected/components/actions/UpdateAction.php (15)
in /home/artiom/htdocs/kma_monitoring_system/index.php (13)
2011/12/11 17:01:10 [warning] [application] Failed to set unsafe attribute "sensorId".
in /home/artiom/htdocs/kma_monitoring_system/protected/components/actions/UpdateAction.php (15)
in /home/artiom/htdocs/kma_monitoring_system/index.php (13)
2011/12/11 17:01:54 [warning] [application] Failed to set unsafe attribute "sensorId".
in /home/artiom/htdocs/kma_monitoring_system/protected/components/actions/UpdateAction.php (15)
in /home/artiom/htdocs/kma_monitoring_system/index.php (13)
2011/12/11 17:01:57 [warning] [application] Failed to set unsafe attribute "sensorId".
in /home/artiom/htdocs/kma_monitoring_system/protected/components/actions/UpdateAction.php (15)
in /home/artiom/htdocs/kma_monitoring_system/index.php (13)
2011/12/11 17:02:00 [warning] [application] Failed to set unsafe attribute "sensorId".
in /home/artiom/htdocs/kma_monitoring_system/protected/components/actions/UpdateAction.php (15)
in /home/artiom/htdocs/kma_monitoring_system/index.php (13)
2011/12/11 17:02:13 [warning] [application] Failed to set unsafe attribute "sensorId".
in /home/artiom/htdocs/kma_monitoring_system/protected/components/actions/UpdateAction.php (15)
in /home/artiom/htdocs/kma_monitoring_system/index.php (13)
2011/12/11 17:02:22 [warning] [application] Failed to set unsafe attribute "sensorId".
in /home/artiom/htdocs/kma_monitoring_system/protected/components/actions/UpdateAction.php (15)
in /home/artiom/htdocs/kma_monitoring_system/index.php (13)
2011/12/11 17:03:17 [warning] [application] Failed to set unsafe attribute "sensorId".
in /home/artiom/htdocs/kma_monitoring_system/protected/components/actions/UpdateAction.php (15)
in /home/artiom/htdocs/kma_monitoring_system/index.php (13)
2011/12/11 17:03:26 [warning] [application] Failed to set unsafe attribute "sensorId".
in /home/artiom/htdocs/kma_monitoring_system/protected/components/actions/UpdateAction.php (15)
in /home/artiom/htdocs/kma_monitoring_system/index.php (13)
2011/12/11 17:03:35 [warning] [application] Failed to set unsafe attribute "sensorId".
in /home/artiom/htdocs/kma_monitoring_system/protected/components/actions/UpdateAction.php (15)
in /home/artiom/htdocs/kma_monitoring_system/index.php (13)
2011/12/11 17:07:30 [warning] [application] Failed to set unsafe attribute "sensorId".
in /home/artiom/htdocs/kma_monitoring_system/protected/components/actions/UpdateAction.php (15)
in /home/artiom/htdocs/kma_monitoring_system/index.php (13)
2011/12/11 17:08:08 [warning] [application] Failed to set unsafe attribute "sensorId".
in /home/artiom/htdocs/kma_monitoring_system/protected/components/actions/UpdateAction.php (15)
in /home/artiom/htdocs/kma_monitoring_system/index.php (13)
2011/12/11 17:08:40 [warning] [application] Failed to set unsafe attribute "sensorId".
in /home/artiom/htdocs/kma_monitoring_system/protected/components/actions/UpdateAction.php (15)
in /home/artiom/htdocs/kma_monitoring_system/index.php (13)
2011/12/11 17:14:09 [warning] [application] Failed to set unsafe attribute "sensorId".
in /home/artiom/htdocs/kma_monitoring_system/protected/components/actions/UpdateAction.php (15)
in /home/artiom/htdocs/kma_monitoring_system/index.php (13)
2011/12/11 17:14:15 [warning] [application] Failed to set unsafe attribute "sensorId".
in /home/artiom/htdocs/kma_monitoring_system/protected/components/actions/UpdateAction.php (15)
in /home/artiom/htdocs/kma_monitoring_system/index.php (13)
2011/12/11 17:14:34 [warning] [application] Failed to set unsafe attribute "sensorId".
in /home/artiom/htdocs/kma_monitoring_system/protected/components/actions/UpdateAction.php (15)
in /home/artiom/htdocs/kma_monitoring_system/index.php (13)
2011/12/11 17:14:47 [warning] [application] Failed to set unsafe attribute "sensorId".
in /home/artiom/htdocs/kma_monitoring_system/protected/components/actions/UpdateAction.php (15)
in /home/artiom/htdocs/kma_monitoring_system/index.php (13)
2011/12/11 17:16:21 [warning] [application] Failed to set unsafe attribute "sensorId".
in /home/artiom/htdocs/kma_monitoring_system/protected/components/actions/UpdateAction.php (15)
in /home/artiom/htdocs/kma_monitoring_system/index.php (13)
2011/12/11 17:16:30 [warning] [application] Failed to set unsafe attribute "sensorId".
in /home/artiom/htdocs/kma_monitoring_system/protected/components/actions/UpdateAction.php (15)
in /home/artiom/htdocs/kma_monitoring_system/index.php (13)
2012/02/27 00:47:38 [error] [exception.CHttpException.404] exception 'CHttpException' with message 'The system is unable to find the requested action "graphics".' in /home/artem/htdocs/Monitoring-System/protected/yii/framework/web/CController.php:477
Stack trace:
#0 /home/artem/htdocs/Monitoring-System/protected/yii/framework/web/CController.php(262): CController->missingAction('graphics')
#1 /home/artem/htdocs/Monitoring-System/protected/yii/framework/web/CWebApplication.php(309): CController->run('graphics')
#2 /home/artem/htdocs/Monitoring-System/protected/yii/framework/web/CWebApplication.php(121): CWebApplication->runController('admin/graphics')
#3 /home/artem/htdocs/Monitoring-System/protected/yii/framework/base/CApplication.php(155): CWebApplication->processRequest()
#4 /home/artem/htdocs/Monitoring-System/index.php(13): CApplication->run()
#5 {main} REQUEST_URI=/admin/graphics/
2012/02/27 00:47:42 [error] [exception.CHttpException.404] exception 'CHttpException' with message 'The system is unable to find the requested action "graphics".' in /home/artem/htdocs/Monitoring-System/protected/yii/framework/web/CController.php:477
Stack trace:
#0 /home/artem/htdocs/Monitoring-System/protected/yii/framework/web/CController.php(262): CController->missingAction('graphics')
#1 /home/artem/htdocs/Monitoring-System/protected/yii/framework/web/CWebApplication.php(309): CController->run('graphics')
#2 /home/artem/htdocs/Monitoring-System/protected/yii/framework/web/CWebApplication.php(121): CWebApplication->runController('admin/graphics')
#3 /home/artem/htdocs/Monitoring-System/protected/yii/framework/base/CApplication.php(155): CWebApplication->processRequest()
#4 /home/artem/htdocs/Monitoring-System/index.php(13): CApplication->run()
#5 {main} REQUEST_URI=/admin/graphics
2012/02/27 00:47:50 [error] [exception.CHttpException.404] exception 'CHttpException' with message 'The system is unable to find the requested action "login".' in /home/artem/htdocs/Monitoring-System/protected/yii/framework/web/CController.php:477
Stack trace:
#0 /home/artem/htdocs/Monitoring-System/protected/yii/framework/web/CController.php(262): CController->missingAction('login')
#1 /home/artem/htdocs/Monitoring-System/protected/yii/framework/web/CWebApplication.php(309): CController->run('login')
#2 /home/artem/htdocs/Monitoring-System/protected/yii/framework/web/CWebApplication.php(121): CWebApplication->runController('site/login')
#3 /home/artem/htdocs/Monitoring-System/protected/yii/framework/base/CApplication.php(155): CWebApplication->processRequest()
#4 /home/artem/htdocs/Monitoring-System/index.php(13): CApplication->run()
#5 {main} REQUEST_URI=/site/login
2012/02/27 00:48:07 [error] [exception.CHttpException.404] exception 'CHttpException' with message 'The system is unable to find the requested action "graphics".' in /home/artem/htdocs/Monitoring-System/protected/yii/framework/web/CController.php:477
Stack trace:
#0 /home/artem/htdocs/Monitoring-System/protected/yii/framework/web/CController.php(262): CController->missingAction('graphics')
#1 /home/artem/htdocs/Monitoring-System/protected/yii/framework/web/CWebApplication.php(309): CController->run('graphics')
#2 /home/artem/htdocs/Monitoring-System/protected/yii/framework/web/CWebApplication.php(121): CWebApplication->runController('admin/graphics')
#3 /home/artem/htdocs/Monitoring-System/protected/yii/framework/base/CApplication.php(155): CWebApplication->processRequest()
#4 /home/artem/htdocs/Monitoring-System/index.php(13): CApplication->run()
#5 {main} REQUEST_URI=/admin/graphics
2012/02/27 00:58:50 [error] [exception.CHttpException.404] exception 'CHttpException' with message 'The system is unable to find the requested action "graphic".' in /home/artem/htdocs/Monitoring-System/protected/yii/framework/web/CController.php:477
Stack trace:
#0 /home/artem/htdocs/Monitoring-System/protected/yii/framework/web/CController.php(262): CController->missingAction('graphic')
#1 /home/artem/htdocs/Monitoring-System/protected/yii/framework/web/CWebApplication.php(309): CController->run('graphic')
#2 /home/artem/htdocs/Monitoring-System/protected/yii/framework/web/CWebApplication.php(121): CWebApplication->runController('admin/graphic')
#3 /home/artem/htdocs/Monitoring-System/protected/yii/framework/base/CApplication.php(155): CWebApplication->processRequest()
#4 /home/artem/htdocs/Monitoring-System/index.php(13): CApplication->run()
#5 {main} REQUEST_URI=/admin/graphic
2012/02/27 00:59:11 [error] [exception.CHttpException.404] exception 'CHttpException' with message 'The system is unable to find the requested action "login".' in /home/artem/htdocs/Monitoring-System/protected/yii/framework/web/CController.php:477
Stack trace:
#0 /home/artem/htdocs/Monitoring-System/protected/yii/framework/web/CController.php(262): CController->missingAction('login')
#1 /home/artem/htdocs/Monitoring-System/protected/yii/framework/web/CWebApplication.php(309): CController->run('login')
#2 /home/artem/htdocs/Monitoring-System/protected/yii/framework/web/CWebApplication.php(121): CWebApplication->runController('site/login')
#3 /home/artem/htdocs/Monitoring-System/protected/yii/framework/base/CApplication.php(155): CWebApplication->processRequest()
#4 /home/artem/htdocs/Monitoring-System/index.php(13): CApplication->run()
#5 {main} REQUEST_URI=/site/login
2012/02/27 01:04:10 [error] [php] implode(): Invalid arguments passed (/home/artem/htdocs/Monitoring-System/protected/controllers/AdminController.php:39)
Stack trace:
#0 /home/artem/htdocs/Monitoring-System/protected/yii/framework/web/CController.php(300): CInlineAction->runWithParams()
#1 /home/artem/htdocs/Monitoring-System/protected/yii/framework/web/filters/CFilterChain.php(133): AdminController->runAction()
#2 /home/artem/htdocs/Monitoring-System/protected/yii/framework/web/filters/CFilter.php(41): CFilterChain->run()
#3 /home/artem/htdocs/Monitoring-System/protected/yii/framework/web/CController.php(1122): CAccessControlFilter->filter()
#4 /home/artem/htdocs/Monitoring-System/protected/yii/framework/web/filters/CInlineFilter.php(59): AdminController->filterAccessControl()
#5 /home/artem/htdocs/Monitoring-System/protected/yii/framework/web/filters/CFilterChain.php(130): CInlineFilter->filter()
#6 /home/artem/htdocs/Monitoring-System/protected/yii/framework/web/CController.php(283): CFilterChain->run()
#7 /home/artem/htdocs/Monitoring-System/protected/yii/framework/web/CController.php(257): AdminController->runActionWithFilters()
#8 /home/artem/htdocs/Monitoring-System/protected/yii/framework/web/CWebApplication.php(309): AdminController->run()
#9 /home/artem/htdocs/Monitoring-System/protected/yii/framework/web/CWebApplication.php(121): CWebApplication->runController()
#10 /home/artem/htdocs/Monitoring-System/protected/yii/framework/base/CApplication.php(155): CWebApplication->processRequest()
#11 /home/artem/htdocs/Monitoring-System/index.php(13): CWebApplication->run()
REQUEST_URI=/admin/chart?filter[startDate]=2011-10-01%2014%3A00%3A00
in /home/artem/htdocs/Monitoring-System/protected/controllers/AdminController.php (39)
in /home/artem/htdocs/Monitoring-System/index.php (13)
2012/02/27 01:05:00 [error] [php] implode(): Invalid arguments passed (/home/artem/htdocs/Monitoring-System/protected/controllers/AdminController.php:39)
Stack trace:
#0 /home/artem/htdocs/Monitoring-System/protected/yii/framework/web/CController.php(300): CInlineAction->runWithParams()
#1 /home/artem/htdocs/Monitoring-System/protected/yii/framework/web/filters/CFilterChain.php(133): AdminController->runAction()
#2 /home/artem/htdocs/Monitoring-System/protected/yii/framework/web/filters/CFilter.php(41): CFilterChain->run()
#3 /home/artem/htdocs/Monitoring-System/protected/yii/framework/web/CController.php(1122): CAccessControlFilter->filter()
#4 /home/artem/htdocs/Monitoring-System/protected/yii/framework/web/filters/CInlineFilter.php(59): AdminController->filterAccessControl()
#5 /home/artem/htdocs/Monitoring-System/protected/yii/framework/web/filters/CFilterChain.php(130): CInlineFilter->filter()
#6 /home/artem/htdocs/Monitoring-System/protected/yii/framework/web/CController.php(283): CFilterChain->run()
#7 /home/artem/htdocs/Monitoring-System/protected/yii/framework/web/CController.php(257): AdminController->runActionWithFilters()
#8 /home/artem/htdocs/Monitoring-System/protected/yii/framework/web/CWebApplication.php(309): AdminController->run()
#9 /home/artem/htdocs/Monitoring-System/protected/yii/framework/web/CWebApplication.php(121): CWebApplication->runController()
#10 /home/artem/htdocs/Monitoring-System/protected/yii/framework/base/CApplication.php(155): CWebApplication->processRequest()
#11 /home/artem/htdocs/Monitoring-System/index.php(13): CWebApplication->run()
REQUEST_URI=/admin/chart?filter[startDate]=2011-10-01%2014%3A00%3A00
in /home/artem/htdocs/Monitoring-System/protected/controllers/AdminController.php (39)
in /home/artem/htdocs/Monitoring-System/index.php (13)
2012/02/27 01:05:57 [error] [php] implode(): Invalid arguments passed (/home/artem/htdocs/Monitoring-System/protected/controllers/AdminController.php:39)
Stack trace:
#0 /home/artem/htdocs/Monitoring-System/protected/yii/framework/web/CController.php(300): CInlineAction->runWithParams()
#1 /home/artem/htdocs/Monitoring-System/protected/yii/framework/web/filters/CFilterChain.php(133): AdminController->runAction()
#2 /home/artem/htdocs/Monitoring-System/protected/yii/framework/web/filters/CFilter.php(41): CFilterChain->run()
#3 /home/artem/htdocs/Monitoring-System/protected/yii/framework/web/CController.php(1122): CAccessControlFilter->filter()
#4 /home/artem/htdocs/Monitoring-System/protected/yii/framework/web/filters/CInlineFilter.php(59): AdminController->filterAccessControl()
#5 /home/artem/htdocs/Monitoring-System/protected/yii/framework/web/filters/CFilterChain.php(130): CInlineFilter->filter()
#6 /home/artem/htdocs/Monitoring-System/protected/yii/framework/web/CController.php(283): CFilterChain->run()
#7 /home/artem/htdocs/Monitoring-System/protected/yii/framework/web/CController.php(257): AdminController->runActionWithFilters()
#8 /home/artem/htdocs/Monitoring-System/protected/yii/framework/web/CWebApplication.php(309): AdminController->run()
#9 /home/artem/htdocs/Monitoring-System/protected/yii/framework/web/CWebApplication.php(121): CWebApplication->runController()
#10 /home/artem/htdocs/Monitoring-System/protected/yii/framework/base/CApplication.php(155): CWebApplication->processRequest()
#11 /home/artem/htdocs/Monitoring-System/index.php(13): CWebApplication->run()
REQUEST_URI=/admin/chart?filter[startDate]=2011-10-01%2014%3A00%3A00&filter[sensorIds][]=2&filter[endDate]=2011-10-02%2014%3A00%3A00
in /home/artem/htdocs/Monitoring-System/protected/controllers/AdminController.php (39)
in /home/artem/htdocs/Monitoring-System/index.php (13)
2012/02/27 01:07:47 [error] [php] Invalid argument supplied for foreach() (/home/artem/htdocs/Monitoring-System/protected/controllers/AdminController.php:54)
Stack trace:
#0 /home/artem/htdocs/Monitoring-System/protected/yii/framework/web/filters/CFilterChain.php(133): AdminController->runAction()
#1 /home/artem/htdocs/Monitoring-System/protected/yii/framework/web/filters/CFilter.php(41): CFilterChain->run()
#2 /home/artem/htdocs/Monitoring-System/protected/yii/framework/web/CController.php(1122): CAccessControlFilter->filter()
#3 /home/artem/htdocs/Monitoring-System/protected/yii/framework/web/filters/CInlineFilter.php(59): AdminController->filterAccessControl()
#4 /home/artem/htdocs/Monitoring-System/protected/yii/framework/web/filters/CFilterChain.php(130): CInlineFilter->filter()
#5 /home/artem/htdocs/Monitoring-System/protected/yii/framework/web/CController.php(283): CFilterChain->run()
#6 /home/artem/htdocs/Monitoring-System/protected/yii/framework/web/CController.php(257): AdminController->runActionWithFilters()
#7 /home/artem/htdocs/Monitoring-System/protected/yii/framework/web/CWebApplication.php(309): AdminController->run()
#8 /home/artem/htdocs/Monitoring-System/protected/yii/framework/web/CWebApplication.php(121): CWebApplication->runController()
#9 /home/artem/htdocs/Monitoring-System/protected/yii/framework/base/CApplication.php(155): CWebApplication->processRequest()
#10 /home/artem/htdocs/Monitoring-System/index.php(13): CWebApplication->run()
REQUEST_URI=/admin/chart?filter[startDate]=2011-10-01%2014%3A00%3A00&filter[sensorIds][0]=1&filter[sensorIds][1]=2&filter[endDate]=2011-10-02%2014%3A00%3A00
in /home/artem/htdocs/Monitoring-System/protected/controllers/AdminController.php (54)
in /home/artem/htdocs/Monitoring-System/index.php (13)
2012/02/27 01:08:28 [error] [php] Missing argument 1 for KmaController::result(), called in /home/artem/htdocs/Monitoring-System/protected/controllers/AdminController.php on line 77 and defined (/home/artem/htdocs/Monitoring-System/protected/components/KmaController.php:60)
Stack trace:
#0 /home/artem/htdocs/Monitoring-System/protected/yii/framework/web/CController.php(300): CInlineAction->runWithParams()
#1 /home/artem/htdocs/Monitoring-System/protected/yii/framework/web/filters/CFilterChain.php(133): AdminController->runAction()
#2 /home/artem/htdocs/Monitoring-System/protected/yii/framework/web/filters/CFilter.php(41): CFilterChain->run()
#3 /home/artem/htdocs/Monitoring-System/protected/yii/framework/web/CController.php(1122): CAccessControlFilter->filter()
#4 /home/artem/htdocs/Monitoring-System/protected/yii/framework/web/filters/CInlineFilter.php(59): AdminController->filterAccessControl()
#5 /home/artem/htdocs/Monitoring-System/protected/yii/framework/web/filters/CFilterChain.php(130): CInlineFilter->filter()
#6 /home/artem/htdocs/Monitoring-System/protected/yii/framework/web/CController.php(283): CFilterChain->run()
#7 /home/artem/htdocs/Monitoring-System/protected/yii/framework/web/CController.php(257): AdminController->runActionWithFilters()
#8 /home/artem/htdocs/Monitoring-System/protected/yii/framework/web/CWebApplication.php(309): AdminController->run()
#9 /home/artem/htdocs/Monitoring-System/protected/yii/framework/web/CWebApplication.php(121): CWebApplication->runController()
#10 /home/artem/htdocs/Monitoring-System/protected/yii/framework/base/CApplication.php(155): CWebApplication->processRequest()
#11 /home/artem/htdocs/Monitoring-System/index.php(13): CWebApplication->run()
REQUEST_URI=/admin/chart?filter[startDate]=2011-10-01%2014%3A00%3A00&filter[sensorIds][0]=1&filter[sensorIds][1]=2&filter[endDate]=2011-10-02%2014%3A00%3A00
in /home/artem/htdocs/Monitoring-System/protected/components/KmaController.php (60)
in /home/artem/htdocs/Monitoring-System/protected/controllers/AdminController.php (77)
in /home/artem/htdocs/Monitoring-System/index.php (13)
2012/02/27 01:18:28 [error] [system.db.CDbCommand] CDbCommand::fetchAll() failed: SQLSTATE[70100]: <<Unknown error>>: 1317 Query execution was interrupted. The SQL statement executed was: 
				select DISTINCT date
					 ,(select temperature from Statistics `s`
						where sensorId = 1 AND `stat`.date = `s`.date ) as 'serial1',(select temperature from Statistics `s`
						where sensorId = 2 AND `stat`.date = `s`.date ) as 'serial2'
				FROM Statistics `stat`
				ORDER BY sensorId
			.
in /home/artem/htdocs/Monitoring-System/protected/controllers/AdminController.php (69)
in /home/artem/htdocs/Monitoring-System/index.php (13)
2012/02/27 01:18:28 [error] [exception.CDbException] exception 'CDbException' with message 'CDbCommand failed to execute the SQL statement: SQLSTATE[70100]: <<Unknown error>>: 1317 Query execution was interrupted. The SQL statement executed was: 
				select DISTINCT date
					 ,(select temperature from Statistics `s`
						where sensorId = 1 AND `stat`.date = `s`.date ) as 'serial1',(select temperature from Statistics `s`
						where sensorId = 2 AND `stat`.date = `s`.date ) as 'serial2'
				FROM Statistics `stat`
				ORDER BY sensorId
			' in /home/artem/htdocs/Monitoring-System/protected/yii/framework/db/CDbCommand.php:518
Stack trace:
#0 /home/artem/htdocs/Monitoring-System/protected/yii/framework/db/CDbCommand.php(376): CDbCommand->queryInternal('fetchAll', 3, Array)
#1 /home/artem/htdocs/Monitoring-System/protected/controllers/AdminController.php(69): CDbCommand->queryAll(false)
#2 /home/artem/htdocs/Monitoring-System/protected/yii/framework/web/actions/CInlineAction.php(50): AdminController->actionChart()
#3 /home/artem/htdocs/Monitoring-System/protected/yii/framework/web/CController.php(300): CInlineAction->runWithParams(Array)
#4 /home/artem/htdocs/Monitoring-System/protected/yii/framework/web/filters/CFilterChain.php(133): CController->runAction(Object(CInlineAction))
#5 /home/artem/htdocs/Monitoring-System/protected/yii/framework/web/filters/CFilter.php(41): CFilterChain->run()
#6 /home/artem/htdocs/Monitoring-System/protected/yii/framework/web/CController.php(1122): CFilter->filter(Object(CFilterChain))
#7 /home/artem/htdocs/Monitoring-System/protected/yii/framework/web/filters/CInlineFilter.php(59): CController->filterAccessControl(Object(CFilterChain))
#8 /home/artem/htdocs/Monitoring-System/protected/yii/framework/web/filters/CFilterChain.php(130): CInlineFilter->filter(Object(CFilterChain))
#9 /home/artem/htdocs/Monitoring-System/protected/yii/framework/web/CController.php(283): CFilterChain->run()
#10 /home/artem/htdocs/Monitoring-System/protected/yii/framework/web/CController.php(257): CController->runActionWithFilters(Object(CInlineAction), Array)
#11 /home/artem/htdocs/Monitoring-System/protected/yii/framework/web/CWebApplication.php(309): CController->run('chart')
#12 /home/artem/htdocs/Monitoring-System/protected/yii/framework/web/CWebApplication.php(121): CWebApplication->runController('admin/chart')
#13 /home/artem/htdocs/Monitoring-System/protected/yii/framework/base/CApplication.php(155): CWebApplication->processRequest()
#14 /home/artem/htdocs/Monitoring-System/index.php(13): CApplication->run()
#15 {main} REQUEST_URI=/admin/chart?filter[startDate]=2011-12-13%2014%3A00%3A00&filter[sensorIds][0]=1&filter[sensorIds][1]=2&filter[endDate]=2011-12-13%2014%3A00%3A00
2012/02/27 01:18:28 [error] [php] PDO::__construct(): [2002] No such file or directory (trying to connect via unix:///var/run/mysql/mysql.sock) (/home/artem/htdocs/Monitoring-System/protected/yii/framework/db/CDbConnection.php:389)
Stack trace:
#0 /home/artem/htdocs/Monitoring-System/protected/yii/framework/db/CDbConnection.php(297): CDbConnection->open()
#1 /home/artem/htdocs/Monitoring-System/protected/yii/framework/db/CDbConnection.php(275): CDbConnection->setActive()
#2 /home/artem/htdocs/Monitoring-System/protected/yii/framework/base/CModule.php(372): CDbConnection->init()
#3 /home/artem/htdocs/Monitoring-System/protected/yii/framework/base/CModule.php(86): CWebApplication->getComponent()
#4 /home/artem/htdocs/Monitoring-System/protected/controllers/AdminController.php(43): CWebApplication->__get()
#5 /home/artem/htdocs/Monitoring-System/protected/yii/framework/web/actions/CInlineAction.php(50): AdminController->actionChart()
#6 /home/artem/htdocs/Monitoring-System/protected/yii/framework/web/CController.php(300): CInlineAction->runWithParams()
#7 /home/artem/htdocs/Monitoring-System/protected/yii/framework/web/filters/CFilterChain.php(133): AdminController->runAction()
#8 /home/artem/htdocs/Monitoring-System/protected/yii/framework/web/filters/CFilter.php(41): CFilterChain->run()
#9 /home/artem/htdocs/Monitoring-System/protected/yii/framework/web/CController.php(1122): CAccessControlFilter->filter()
#10 /home/artem/htdocs/Monitoring-System/protected/yii/framework/web/filters/CInlineFilter.php(59): AdminController->filterAccessControl()
#11 /home/artem/htdocs/Monitoring-System/protected/yii/framework/web/filters/CFilterChain.php(130): CInlineFilter->filter()
#12 /home/artem/htdocs/Monitoring-System/protected/yii/framework/web/CController.php(283): CFilterChain->run()
#13 /home/artem/htdocs/Monitoring-System/protected/yii/framework/web/CController.php(257): AdminController->runActionWithFilters()
#14 /home/artem/htdocs/Monitoring-System/protected/yii/framework/web/CWebApplication.php(309): AdminController->run()
#15 /home/artem/htdocs/Monitoring-System/protected/yii/framework/web/CWebApplication.php(121): CWebApplication->runController()
#16 /home/artem/htdocs/Monitoring-System/protected/yii/framework/base/CApplication.php(155): CWebApplication->processRequest()
#17 /home/artem/htdocs/Monitoring-System/index.php(13): CWebApplication->run()
REQUEST_URI=/admin/chart?filter[startDate]=2011-12-13%2014%3A00%3A00&filter[sensorIds][0]=1&filter[sensorIds][1]=2&filter[endDate]=2011-12-13%2014%3A00%3A00
in /home/artem/htdocs/Monitoring-System/protected/controllers/AdminController.php (43)
in /home/artem/htdocs/Monitoring-System/index.php (13)
2012/02/27 01:18:28 [error] [php] PDO::__construct(): [2002] No such file or directory (trying to connect via unix:///var/run/mysql/mysql.sock) (/home/artem/htdocs/Monitoring-System/protected/yii/framework/db/CDbConnection.php:389)
Stack trace:
#0 /home/artem/htdocs/Monitoring-System/protected/yii/framework/db/CDbConnection.php(297): CDbConnection->open()
#1 /home/artem/htdocs/Monitoring-System/protected/yii/framework/db/CDbConnection.php(275): CDbConnection->setActive()
#2 /home/artem/htdocs/Monitoring-System/protected/yii/framework/base/CModule.php(372): CDbConnection->init()
#3 /home/artem/htdocs/Monitoring-System/protected/yii/framework/base/CModule.php(86): CWebApplication->getComponent()
#4 /home/artem/htdocs/Monitoring-System/protected/controllers/AdminController.php(43): CWebApplication->__get()
#5 /home/artem/htdocs/Monitoring-System/protected/yii/framework/web/actions/CInlineAction.php(50): AdminController->actionChart()
#6 /home/artem/htdocs/Monitoring-System/protected/yii/framework/web/CController.php(300): CInlineAction->runWithParams()
#7 /home/artem/htdocs/Monitoring-System/protected/yii/framework/web/filters/CFilterChain.php(133): AdminController->runAction()
#8 /home/artem/htdocs/Monitoring-System/protected/yii/framework/web/filters/CFilter.php(41): CFilterChain->run()
#9 /home/artem/htdocs/Monitoring-System/protected/yii/framework/web/CController.php(1122): CAccessControlFilter->filter()
#10 /home/artem/htdocs/Monitoring-System/protected/yii/framework/web/filters/CInlineFilter.php(59): AdminController->filterAccessControl()
#11 /home/artem/htdocs/Monitoring-System/protected/yii/framework/web/filters/CFilterChain.php(130): CInlineFilter->filter()
#12 /home/artem/htdocs/Monitoring-System/protected/yii/framework/web/CController.php(283): CFilterChain->run()
#13 /home/artem/htdocs/Monitoring-System/protected/yii/framework/web/CController.php(257): AdminController->runActionWithFilters()
#14 /home/artem/htdocs/Monitoring-System/protected/yii/framework/web/CWebApplication.php(309): AdminController->run()
#15 /home/artem/htdocs/Monitoring-System/protected/yii/framework/web/CWebApplication.php(121): CWebApplication->runController()
#16 /home/artem/htdocs/Monitoring-System/protected/yii/framework/base/CApplication.php(155): CWebApplication->processRequest()
#17 /home/artem/htdocs/Monitoring-System/index.php(13): CWebApplication->run()
REQUEST_URI=/admin/chart?filter[startDate]=2011-12-13%2014%3A00%3A00&filter[sensorIds][0]=1&filter[sensorIds][1]=2&filter[endDate]=2011-12-13%2014%3A00%3A00
in /home/artem/htdocs/Monitoring-System/protected/controllers/AdminController.php (43)
in /home/artem/htdocs/Monitoring-System/index.php (13)
2012/02/27 09:47:25 [error] [exception.CHttpException.404] exception 'CHttpException' with message 'The system is unable to find the requested action "graphic".' in /home/artem/htdocs/Monitoring-System/protected/yii/framework/web/CController.php:477
Stack trace:
#0 /home/artem/htdocs/Monitoring-System/protected/yii/framework/web/CController.php(262): CController->missingAction('graphic')
#1 /home/artem/htdocs/Monitoring-System/protected/yii/framework/web/CWebApplication.php(309): CController->run('graphic')
#2 /home/artem/htdocs/Monitoring-System/protected/yii/framework/web/CWebApplication.php(121): CWebApplication->runController('admin/graphic')
#3 /home/artem/htdocs/Monitoring-System/protected/yii/framework/base/CApplication.php(155): CWebApplication->processRequest()
#4 /home/artem/htdocs/Monitoring-System/index.php(13): CApplication->run()
#5 {main} REQUEST_URI=/admin/graphic
2012/02/27 09:47:26 [error] [exception.CHttpException.404] exception 'CHttpException' with message 'The system is unable to find the requested action "graphic".' in /home/artem/htdocs/Monitoring-System/protected/yii/framework/web/CController.php:477
Stack trace:
#0 /home/artem/htdocs/Monitoring-System/protected/yii/framework/web/CController.php(262): CController->missingAction('graphic')
#1 /home/artem/htdocs/Monitoring-System/protected/yii/framework/web/CWebApplication.php(309): CController->run('graphic')
#2 /home/artem/htdocs/Monitoring-System/protected/yii/framework/web/CWebApplication.php(121): CWebApplication->runController('admin/graphic')
#3 /home/artem/htdocs/Monitoring-System/protected/yii/framework/base/CApplication.php(155): CWebApplication->processRequest()
#4 /home/artem/htdocs/Monitoring-System/index.php(13): CApplication->run()
#5 {main} REQUEST_URI=/admin/graphic
2012/02/27 09:47:26 [error] [exception.CHttpException.404] exception 'CHttpException' with message 'The system is unable to find the requested action "graphic".' in /home/artem/htdocs/Monitoring-System/protected/yii/framework/web/CController.php:477
Stack trace:
#0 /home/artem/htdocs/Monitoring-System/protected/yii/framework/web/CController.php(262): CController->missingAction('graphic')
#1 /home/artem/htdocs/Monitoring-System/protected/yii/framework/web/CWebApplication.php(309): CController->run('graphic')
#2 /home/artem/htdocs/Monitoring-System/protected/yii/framework/web/CWebApplication.php(121): CWebApplication->runController('admin/graphic')
#3 /home/artem/htdocs/Monitoring-System/protected/yii/framework/base/CApplication.php(155): CWebApplication->processRequest()
#4 /home/artem/htdocs/Monitoring-System/index.php(13): CApplication->run()
#5 {main} REQUEST_URI=/admin/graphic
2012/02/27 09:47:26 [error] [exception.CHttpException.404] exception 'CHttpException' with message 'The system is unable to find the requested action "graphic".' in /home/artem/htdocs/Monitoring-System/protected/yii/framework/web/CController.php:477
Stack trace:
#0 /home/artem/htdocs/Monitoring-System/protected/yii/framework/web/CController.php(262): CController->missingAction('graphic')
#1 /home/artem/htdocs/Monitoring-System/protected/yii/framework/web/CWebApplication.php(309): CController->run('graphic')
#2 /home/artem/htdocs/Monitoring-System/protected/yii/framework/web/CWebApplication.php(121): CWebApplication->runController('admin/graphic')
#3 /home/artem/htdocs/Monitoring-System/protected/yii/framework/base/CApplication.php(155): CWebApplication->processRequest()
#4 /home/artem/htdocs/Monitoring-System/index.php(13): CApplication->run()
#5 {main} REQUEST_URI=/admin/graphic
2012/02/27 09:47:27 [error] [exception.CHttpException.404] exception 'CHttpException' with message 'The system is unable to find the requested action "graphic".' in /home/artem/htdocs/Monitoring-System/protected/yii/framework/web/CController.php:477
Stack trace:
#0 /home/artem/htdocs/Monitoring-System/protected/yii/framework/web/CController.php(262): CController->missingAction('graphic')
#1 /home/artem/htdocs/Monitoring-System/protected/yii/framework/web/CWebApplication.php(309): CController->run('graphic')
#2 /home/artem/htdocs/Monitoring-System/protected/yii/framework/web/CWebApplication.php(121): CWebApplication->runController('admin/graphic')
#3 /home/artem/htdocs/Monitoring-System/protected/yii/framework/base/CApplication.php(155): CWebApplication->processRequest()
#4 /home/artem/htdocs/Monitoring-System/index.php(13): CApplication->run()
#5 {main} REQUEST_URI=/admin/graphic
